2022-05-27 16:40:28.318  INFO 876 --- [main] c.a.godworld.arm.resource.ResourceArm    : Starting ResourceArm using Java 18 on ALBERT with PID 876 (C:\Users\Administrator\Documents\CodeWorld\godworld\arm\resource-server\target\classes started by Administrator in C:\Users\Administrator\Documents\CodeWorld\godworld\arm)
2022-05-27 16:40:28.322  INFO 876 --- [main] c.a.godworld.arm.resource.ResourceArm    : No active profile set, falling back to 1 default profile: "default"
2022-05-27 16:40:29.284  INFO 876 --- [main] .s.d.r.c.RepositoryConfigurationDelegate : Multiple Spring Data modules found, entering strict repository configuration mode!
2022-05-27 16:40:29.287  INFO 876 --- [main] .s.d.r.c.RepositoryConfigurationDelegate : Bootstrapping Spring Data Redis repositories in DEFAULT mode.
2022-05-27 16:40:29.345  INFO 876 --- [main] .s.d.r.c.RepositoryConfigurationDelegate : Finished Spring Data repository scanning in 41 ms. Found 0 Redis repository interfaces.
2022-05-27 16:40:30.447  INFO 876 --- [main] o.s.b.w.embedded.tomcat.TomcatWebServer  : Tomcat initialized with port(s): 9002 (http)
2022-05-27 16:40:30.462  INFO 876 --- [main] o.apache.catalina.core.StandardService   : Starting service [Tomcat]
2022-05-27 16:40:30.462  INFO 876 --- [main] org.apache.catalina.core.StandardEngine  : Starting Servlet engine: [Apache Tomcat/9.0.58]
2022-05-27 16:40:30.569  INFO 876 --- [main] o.a.c.c.C.[Tomcat].[localhost].[/]       : Initializing Spring embedded WebApplicationContext
2022-05-27 16:40:30.569  INFO 876 --- [main] w.s.c.ServletWebServerApplicationContext : Root WebApplicationContext: initialization completed in 2174 ms
2022-05-27 16:40:31.780 DEBUG 876 --- [main] .PrePostAnnotationSecurityMetadataSource : @org.springframework.security.access.prepost.PreAuthorize("hasAnyAuthority(\'ADMIN_PER\',\'AUTHOR_PER\')") found on specific method: public com.albert.godworld.arm.resource.dto.RV com.albert.godworld.arm.resource.controller.author.AuthorController.update(com.albert.godworld.arm.resource.domain.author.AuthorInfo,java.security.Principal)
2022-05-27 16:40:31.799 DEBUG 876 --- [main] m.DelegatingMethodSecurityMetadataSource : Caching method [CacheKey[com.albert.godworld.arm.resource.controller.author.AuthorController; public com.albert.godworld.arm.resource.dto.RV com.albert.godworld.arm.resource.controller.author.AuthorController.update(com.albert.godworld.arm.resource.domain.author.AuthorInfo,java.security.Principal)]] with attributes [[authorize: 'hasAnyAuthority('ADMIN_PER','AUTHOR_PER')', filter: 'null', filterTarget: 'null']]
2022-05-27 16:40:31.813 DEBUG 876 --- [main] .PrePostAnnotationSecurityMetadataSource : @org.springframework.security.access.prepost.PreAuthorize("hasAuthority(\'USER_PER\')") found on specific method: public com.albert.godworld.arm.resource.dto.RV com.albert.godworld.arm.resource.controller.author.AuthorController.create(com.albert.godworld.arm.resource.dto.AuthorRegVo,java.security.Principal)
2022-05-27 16:40:31.814 DEBUG 876 --- [main] m.DelegatingMethodSecurityMetadataSource : Caching method [CacheKey[com.albert.godworld.arm.resource.controller.author.AuthorController; public com.albert.godworld.arm.resource.dto.RV com.albert.godworld.arm.resource.controller.author.AuthorController.create(com.albert.godworld.arm.resource.dto.AuthorRegVo,java.security.Principal)]] with attributes [[authorize: 'hasAuthority('USER_PER')', filter: 'null', filterTarget: 'null']]
2022-05-27 16:40:32.101 DEBUG 876 --- [main] .PrePostAnnotationSecurityMetadataSource : @org.springframework.security.access.prepost.PreAuthorize("hasAuthority(\'AUTHOR_PER\')") found on specific method: public com.albert.godworld.arm.resource.dto.RV com.albert.godworld.arm.resource.controller.book.BookChapterController.remove(java.lang.Long,java.security.Principal)
2022-05-27 16:40:32.101 DEBUG 876 --- [main] m.DelegatingMethodSecurityMetadataSource : Caching method [CacheKey[com.albert.godworld.arm.resource.controller.book.BookChapterController; public com.albert.godworld.arm.resource.dto.RV com.albert.godworld.arm.resource.controller.book.BookChapterController.remove(java.lang.Long,java.security.Principal)]] with attributes [[authorize: 'hasAuthority('AUTHOR_PER')', filter: 'null', filterTarget: 'null']]
2022-05-27 16:40:32.102 DEBUG 876 --- [main] .PrePostAnnotationSecurityMetadataSource : @org.springframework.security.access.prepost.PreAuthorize("hasAuthority(\'AUTHOR_PER\')") found on specific method: public com.albert.godworld.arm.resource.dto.RV com.albert.godworld.arm.resource.controller.book.BookChapterController.create(com.albert.godworld.arm.resource.dto.ChapterDTO,java.security.Principal)
2022-05-27 16:40:32.103 DEBUG 876 --- [main] m.DelegatingMethodSecurityMetadataSource : Caching method [CacheKey[com.albert.godworld.arm.resource.controller.book.BookChapterController; public com.albert.godworld.arm.resource.dto.RV com.albert.godworld.arm.resource.controller.book.BookChapterController.create(com.albert.godworld.arm.resource.dto.ChapterDTO,java.security.Principal)]] with attributes [[authorize: 'hasAuthority('AUTHOR_PER')', filter: 'null', filterTarget: 'null']]
2022-05-27 16:40:32.103 DEBUG 876 --- [main] .PrePostAnnotationSecurityMetadataSource : @org.springframework.security.access.prepost.PreAuthorize("hasAuthority(\'AUTHOR_PER\')") found on specific method: public com.albert.godworld.arm.resource.dto.RV com.albert.godworld.arm.resource.controller.book.BookChapterController.modify(com.albert.godworld.arm.resource.domain.book.BookChapter,java.security.Principal)
2022-05-27 16:40:32.103 DEBUG 876 --- [main] m.DelegatingMethodSecurityMetadataSource : Caching method [CacheKey[com.albert.godworld.arm.resource.controller.book.BookChapterController; public com.albert.godworld.arm.resource.dto.RV com.albert.godworld.arm.resource.controller.book.BookChapterController.modify(com.albert.godworld.arm.resource.domain.book.BookChapter,java.security.Principal)]] with attributes [[authorize: 'hasAuthority('AUTHOR_PER')', filter: 'null', filterTarget: 'null']]
2022-05-27 16:40:32.157 DEBUG 876 --- [main] .PrePostAnnotationSecurityMetadataSource : @org.springframework.security.access.prepost.PreAuthorize("hasAnyAuthority(\'ADMIN_PER\',\'USER_PER\')") found on specific method: public com.albert.godworld.arm.resource.dto.RV com.albert.godworld.arm.resource.controller.book.BookCommentController.create(com.albert.godworld.arm.resource.domain.book.BookComment,java.security.Principal)
2022-05-27 16:40:32.158 DEBUG 876 --- [main] m.DelegatingMethodSecurityMetadataSource : Caching method [CacheKey[com.albert.godworld.arm.resource.controller.book.BookCommentController; public com.albert.godworld.arm.resource.dto.RV com.albert.godworld.arm.resource.controller.book.BookCommentController.create(com.albert.godworld.arm.resource.domain.book.BookComment,java.security.Principal)]] with attributes [[authorize: 'hasAnyAuthority('ADMIN_PER','USER_PER')', filter: 'null', filterTarget: 'null']]
2022-05-27 16:40:32.215 DEBUG 876 --- [main] .PrePostAnnotationSecurityMetadataSource : @org.springframework.security.access.prepost.PreAuthorize("hasAuthority(\'AUTHOR_PER\')") found on specific method: public com.albert.godworld.arm.resource.dto.RV com.albert.godworld.arm.resource.controller.book.BookInfoController.create(com.albert.godworld.arm.resource.dto.BookDTO,java.security.Principal)
2022-05-27 16:40:32.215 DEBUG 876 --- [main] m.DelegatingMethodSecurityMetadataSource : Caching method [CacheKey[com.albert.godworld.arm.resource.controller.book.BookInfoController; public com.albert.godworld.arm.resource.dto.RV com.albert.godworld.arm.resource.controller.book.BookInfoController.create(com.albert.godworld.arm.resource.dto.BookDTO,java.security.Principal)]] with attributes [[authorize: 'hasAuthority('AUTHOR_PER')', filter: 'null', filterTarget: 'null']]
2022-05-27 16:40:32.216 DEBUG 876 --- [main] .PrePostAnnotationSecurityMetadataSource : @org.springframework.security.access.prepost.PreAuthorize("hasAuthority(\'AUTHOR_PER\')") found on specific method: public com.albert.godworld.arm.resource.dto.RV com.albert.godworld.arm.resource.controller.book.BookInfoController.updateBook(com.albert.godworld.arm.resource.dto.BookDTO,java.security.Principal)
2022-05-27 16:40:32.216 DEBUG 876 --- [main] m.DelegatingMethodSecurityMetadataSource : Caching method [CacheKey[com.albert.godworld.arm.resource.controller.book.BookInfoController; public com.albert.godworld.arm.resource.dto.RV com.albert.godworld.arm.resource.controller.book.BookInfoController.updateBook(com.albert.godworld.arm.resource.dto.BookDTO,java.security.Principal)]] with attributes [[authorize: 'hasAuthority('AUTHOR_PER')', filter: 'null', filterTarget: 'null']]
2022-05-27 16:40:32.337 DEBUG 876 --- [main] .PrePostAnnotationSecurityMetadataSource : @org.springframework.security.access.prepost.PreAuthorize("hasAuthority(\'AUTHOR_PER\')") found on specific method: public com.albert.godworld.arm.resource.dto.RV com.albert.godworld.arm.resource.controller.book.BookVolumeController.remove(java.lang.Long,java.security.Principal)
2022-05-27 16:40:32.337 DEBUG 876 --- [main] m.DelegatingMethodSecurityMetadataSource : Caching method [CacheKey[com.albert.godworld.arm.resource.controller.book.BookVolumeController; public com.albert.godworld.arm.resource.dto.RV com.albert.godworld.arm.resource.controller.book.BookVolumeController.remove(java.lang.Long,java.security.Principal)]] with attributes [[authorize: 'hasAuthority('AUTHOR_PER')', filter: 'null', filterTarget: 'null']]
2022-05-27 16:40:32.338 DEBUG 876 --- [main] .PrePostAnnotationSecurityMetadataSource : @org.springframework.security.access.prepost.PreAuthorize("hasAuthority(\'AUTHOR_PER\')") found on specific method: public com.albert.godworld.arm.resource.dto.RV com.albert.godworld.arm.resource.controller.book.BookVolumeController.create(java.lang.Long,java.lang.String,java.lang.Long,java.security.Principal)
2022-05-27 16:40:32.338 DEBUG 876 --- [main] m.DelegatingMethodSecurityMetadataSource : Caching method [CacheKey[com.albert.godworld.arm.resource.controller.book.BookVolumeController; public com.albert.godworld.arm.resource.dto.RV com.albert.godworld.arm.resource.controller.book.BookVolumeController.create(java.lang.Long,java.lang.String,java.lang.Long,java.security.Principal)]] with attributes [[authorize: 'hasAuthority('AUTHOR_PER')', filter: 'null', filterTarget: 'null']]
2022-05-27 16:40:32.508 DEBUG 876 --- [main] .PrePostAnnotationSecurityMetadataSource : @org.springframework.security.access.prepost.PreAuthorize("hasAuthority(\'SOCIAL_ADMIN_PER\')") found on specific method: public java.lang.Boolean com.albert.godworld.arm.resource.controller.social.SocialActivityController.update(com.albert.godworld.arm.resource.domain.social.SocialActivity)
2022-05-27 16:40:32.508 DEBUG 876 --- [main] m.DelegatingMethodSecurityMetadataSource : Caching method [CacheKey[com.albert.godworld.arm.resource.controller.social.SocialActivityController; public java.lang.Boolean com.albert.godworld.arm.resource.controller.social.SocialActivityController.update(com.albert.godworld.arm.resource.domain.social.SocialActivity)]] with attributes [[authorize: 'hasAuthority('SOCIAL_ADMIN_PER')', filter: 'null', filterTarget: 'null']]
2022-05-27 16:40:32.509 DEBUG 876 --- [main] .PrePostAnnotationSecurityMetadataSource : @org.springframework.security.access.prepost.PreAuthorize("hasAuthority(\'SOCIAL_ADMIN_PER\')") found on specific method: public java.lang.Boolean com.albert.godworld.arm.resource.controller.social.SocialActivityController.off(java.lang.Long)
2022-05-27 16:40:32.509 DEBUG 876 --- [main] m.DelegatingMethodSecurityMetadataSource : Caching method [CacheKey[com.albert.godworld.arm.resource.controller.social.SocialActivityController; public java.lang.Boolean com.albert.godworld.arm.resource.controller.social.SocialActivityController.off(java.lang.Long)]] with attributes [[authorize: 'hasAuthority('SOCIAL_ADMIN_PER')', filter: 'null', filterTarget: 'null']]
2022-05-27 16:40:32.510 DEBUG 876 --- [main] .PrePostAnnotationSecurityMetadataSource : @org.springframework.security.access.prepost.PreAuthorize("hasAuthority(\'SOCIAL_ADMIN_PER\')") found on specific method: public java.lang.Boolean com.albert.godworld.arm.resource.controller.social.SocialActivityController.delete(java.lang.Long)
2022-05-27 16:40:32.510 DEBUG 876 --- [main] m.DelegatingMethodSecurityMetadataSource : Caching method [CacheKey[com.albert.godworld.arm.resource.controller.social.SocialActivityController; public java.lang.Boolean com.albert.godworld.arm.resource.controller.social.SocialActivityController.delete(java.lang.Long)]] with attributes [[authorize: 'hasAuthority('SOCIAL_ADMIN_PER')', filter: 'null', filterTarget: 'null']]
2022-05-27 16:40:32.510 DEBUG 876 --- [main] .PrePostAnnotationSecurityMetadataSource : @org.springframework.security.access.prepost.PreAuthorize("hasAuthority(\'SOCIAL_ADMIN_PER\')") found on specific method: public java.lang.Boolean com.albert.godworld.arm.resource.controller.social.SocialActivityController.on(java.lang.Long)
2022-05-27 16:40:32.510 DEBUG 876 --- [main] m.DelegatingMethodSecurityMetadataSource : Caching method [CacheKey[com.albert.godworld.arm.resource.controller.social.SocialActivityController; public java.lang.Boolean com.albert.godworld.arm.resource.controller.social.SocialActivityController.on(java.lang.Long)]] with attributes [[authorize: 'hasAuthority('SOCIAL_ADMIN_PER')', filter: 'null', filterTarget: 'null']]
2022-05-27 16:40:32.510 DEBUG 876 --- [main] .PrePostAnnotationSecurityMetadataSource : @org.springframework.security.access.prepost.PreAuthorize("hasAuthority(\'SOCIAL_ADMIN_PER\')") found on specific method: public java.lang.Boolean com.albert.godworld.arm.resource.controller.social.SocialActivityController.create(com.albert.godworld.arm.resource.dto.ActivityDTO)
2022-05-27 16:40:32.511 DEBUG 876 --- [main] m.DelegatingMethodSecurityMetadataSource : Caching method [CacheKey[com.albert.godworld.arm.resource.controller.social.SocialActivityController; public java.lang.Boolean com.albert.godworld.arm.resource.controller.social.SocialActivityController.create(com.albert.godworld.arm.resource.dto.ActivityDTO)]] with attributes [[authorize: 'hasAuthority('SOCIAL_ADMIN_PER')', filter: 'null', filterTarget: 'null']]
2022-05-27 16:40:32.556 DEBUG 876 --- [main] .PrePostAnnotationSecurityMetadataSource : @org.springframework.security.access.prepost.PreAuthorize("hasAuthority(\'SOCIAL_ADMIN_PER\')") found on specific method: public java.lang.Boolean com.albert.godworld.arm.resource.controller.social.SocialAnnounceController.update(com.albert.godworld.arm.resource.domain.social.SocialAnnounce)
2022-05-27 16:40:32.556 DEBUG 876 --- [main] m.DelegatingMethodSecurityMetadataSource : Caching method [CacheKey[com.albert.godworld.arm.resource.controller.social.SocialAnnounceController; public java.lang.Boolean com.albert.godworld.arm.resource.controller.social.SocialAnnounceController.update(com.albert.godworld.arm.resource.domain.social.SocialAnnounce)]] with attributes [[authorize: 'hasAuthority('SOCIAL_ADMIN_PER')', filter: 'null', filterTarget: 'null']]
2022-05-27 16:40:32.556 DEBUG 876 --- [main] .PrePostAnnotationSecurityMetadataSource : @org.springframework.security.access.prepost.PreAuthorize("hasAuthority(\'SOCIAL_ADMIN_PER\')") found on specific method: public java.lang.Boolean com.albert.godworld.arm.resource.controller.social.SocialAnnounceController.delete(java.lang.Long)
2022-05-27 16:40:32.556 DEBUG 876 --- [main] m.DelegatingMethodSecurityMetadataSource : Caching method [CacheKey[com.albert.godworld.arm.resource.controller.social.SocialAnnounceController; public java.lang.Boolean com.albert.godworld.arm.resource.controller.social.SocialAnnounceController.delete(java.lang.Long)]] with attributes [[authorize: 'hasAuthority('SOCIAL_ADMIN_PER')', filter: 'null', filterTarget: 'null']]
2022-05-27 16:40:32.557 DEBUG 876 --- [main] .PrePostAnnotationSecurityMetadataSource : @org.springframework.security.access.prepost.PreAuthorize("hasAuthority(\'SOCIAL_ADMIN_PER\')") found on specific method: public com.albert.godworld.arm.resource.domain.social.SocialAnnounce com.albert.godworld.arm.resource.controller.social.SocialAnnounceController.create(com.albert.godworld.arm.resource.domain.social.SocialAnnounce,java.security.Principal)
2022-05-27 16:40:32.557 DEBUG 876 --- [main] m.DelegatingMethodSecurityMetadataSource : Caching method [CacheKey[com.albert.godworld.arm.resource.controller.social.SocialAnnounceController; public com.albert.godworld.arm.resource.domain.social.SocialAnnounce com.albert.godworld.arm.resource.controller.social.SocialAnnounceController.create(com.albert.godworld.arm.resource.domain.social.SocialAnnounce,java.security.Principal)]] with attributes [[authorize: 'hasAuthority('SOCIAL_ADMIN_PER')', filter: 'null', filterTarget: 'null']]
2022-05-27 16:40:32.653 DEBUG 876 --- [main] .PrePostAnnotationSecurityMetadataSource : @org.springframework.security.access.prepost.PreAuthorize("hasAuthority(\'SOCIAL_ADMIN_PER\')") found on specific method: public java.lang.Boolean com.albert.godworld.arm.resource.controller.social.SocialInfoController.update(com.albert.godworld.arm.resource.domain.social.SocialInfo)
2022-05-27 16:40:32.654 DEBUG 876 --- [main] m.DelegatingMethodSecurityMetadataSource : Caching method [CacheKey[com.albert.godworld.arm.resource.controller.social.SocialInfoController; public java.lang.Boolean com.albert.godworld.arm.resource.controller.social.SocialInfoController.update(com.albert.godworld.arm.resource.domain.social.SocialInfo)]] with attributes [[authorize: 'hasAuthority('SOCIAL_ADMIN_PER')', filter: 'null', filterTarget: 'null']]
2022-05-27 16:40:32.655 DEBUG 876 --- [main] .PrePostAnnotationSecurityMetadataSource : @org.springframework.security.access.prepost.PreAuthorize("hasAuthority(\'AUTHOR_PER\')") found on specific method: public com.albert.godworld.arm.resource.dto.RV com.albert.godworld.arm.resource.controller.social.SocialInfoController.create(com.albert.godworld.arm.resource.dto.SocialRegVo,java.security.Principal)
2022-05-27 16:40:32.655 DEBUG 876 --- [main] m.DelegatingMethodSecurityMetadataSource : Caching method [CacheKey[com.albert.godworld.arm.resource.controller.social.SocialInfoController; public com.albert.godworld.arm.resource.dto.RV com.albert.godworld.arm.resource.controller.social.SocialInfoController.create(com.albert.godworld.arm.resource.dto.SocialRegVo,java.security.Principal)]] with attributes [[authorize: 'hasAuthority('AUTHOR_PER')', filter: 'null', filterTarget: 'null']]
2022-05-27 16:40:32.720 DEBUG 876 --- [main] .PrePostAnnotationSecurityMetadataSource : @org.springframework.security.access.prepost.PreAuthorize("hasAuthority(\'AUTHOR_PER\')") found on specific method: public com.albert.godworld.arm.resource.domain.social.SocialRequest com.albert.godworld.arm.resource.controller.social.SocialRequestController.post(com.albert.godworld.arm.resource.domain.social.SocialRequest)
2022-05-27 16:40:32.721 DEBUG 876 --- [main] m.DelegatingMethodSecurityMetadataSource : Caching method [CacheKey[com.albert.godworld.arm.resource.controller.social.SocialRequestController; public com.albert.godworld.arm.resource.domain.social.SocialRequest com.albert.godworld.arm.resource.controller.social.SocialRequestController.post(com.albert.godworld.arm.resource.domain.social.SocialRequest)]] with attributes [[authorize: 'hasAuthority('AUTHOR_PER')', filter: 'null', filterTarget: 'null']]
2022-05-27 16:40:32.721 DEBUG 876 --- [main] .PrePostAnnotationSecurityMetadataSource : @org.springframework.security.access.prepost.PreAuthorize("hasAuthority(\'SOCIAL_ADMIN_PER\')") found on specific method: public com.albert.godworld.arm.resource.dto.RV com.albert.godworld.arm.resource.controller.social.SocialRequestController.refuse(java.lang.Long,java.lang.Long,java.security.Principal)
2022-05-27 16:40:32.722 DEBUG 876 --- [main] m.DelegatingMethodSecurityMetadataSource : Caching method [CacheKey[com.albert.godworld.arm.resource.controller.social.SocialRequestController; public com.albert.godworld.arm.resource.dto.RV com.albert.godworld.arm.resource.controller.social.SocialRequestController.refuse(java.lang.Long,java.lang.Long,java.security.Principal)]] with attributes [[authorize: 'hasAuthority('SOCIAL_ADMIN_PER')', filter: 'null', filterTarget: 'null']]
2022-05-27 16:40:32.722 DEBUG 876 --- [main] .PrePostAnnotationSecurityMetadataSource : @org.springframework.security.access.prepost.PreAuthorize("hasAuthority(\'SOCIAL_ADMIN_PER\')") found on specific method: public com.albert.godworld.arm.resource.dto.RV com.albert.godworld.arm.resource.controller.social.SocialRequestController.confirm(java.lang.Long,java.lang.Long,java.security.Principal)
2022-05-27 16:40:32.722 DEBUG 876 --- [main] m.DelegatingMethodSecurityMetadataSource : Caching method [CacheKey[com.albert.godworld.arm.resource.controller.social.SocialRequestController; public com.albert.godworld.arm.resource.dto.RV com.albert.godworld.arm.resource.controller.social.SocialRequestController.confirm(java.lang.Long,java.lang.Long,java.security.Principal)]] with attributes [[authorize: 'hasAuthority('SOCIAL_ADMIN_PER')', filter: 'null', filterTarget: 'null']]
2022-05-27 16:40:33.204  INFO 876 --- [main] com.zaxxer.hikari.HikariDataSource       : HikariPool-1 - Starting...
2022-05-27 16:40:33.783  INFO 876 --- [main] com.zaxxer.hikari.HikariDataSource       : HikariPool-1 - Start completed.
2022-05-27 16:40:35.242  WARN 876 --- [main] ConfigServletWebServerApplicationContext : Exception encountered during context initialization - cancelling refresh attempt: org.springframework.beans.factory.BeanCreationException: Error creating bean with name 'springSecurityFilterChain' defined in class path resource [org/springframework/security/config/annotation/web/configuration/WebSecurityConfiguration.class]: Bean instantiation via factory method failed; nested exception is org.springframework.beans.BeanInstantiationException: Failed to instantiate [javax.servlet.Filter]: Factory method 'springSecurityFilterChain' threw exception; nested exception is java.lang.NoClassDefFoundError: javax/xml/bind/JAXBException
2022-05-27 16:40:35.246  INFO 876 --- [main] com.zaxxer.hikari.HikariDataSource       : HikariPool-1 - Shutdown initiated...
2022-05-27 16:40:35.258  INFO 876 --- [main] com.zaxxer.hikari.HikariDataSource       : HikariPool-1 - Shutdown completed.
2022-05-27 16:40:35.281  INFO 876 --- [main] o.apache.catalina.core.StandardService   : Stopping service [Tomcat]
2022-05-27 16:40:35.295  INFO 876 --- [main] ConditionEvaluationReportLoggingListener : 

Error starting ApplicationContext. To display the conditions report re-run your application with 'debug' enabled.
2022-05-27 16:40:35.319 ERROR 876 --- [main] o.s.boot.SpringApplication               : Application run failed

org.springframework.beans.factory.BeanCreationException: Error creating bean with name 'springSecurityFilterChain' defined in class path resource [org/springframework/security/config/annotation/web/configuration/WebSecurityConfiguration.class]: Bean instantiation via factory method failed; nested exception is org.springframework.beans.BeanInstantiationException: Failed to instantiate [javax.servlet.Filter]: Factory method 'springSecurityFilterChain' threw exception; nested exception is java.lang.NoClassDefFoundError: javax/xml/bind/JAXBException
	at org.springframework.beans.factory.support.ConstructorResolver.instantiate(ConstructorResolver.java:658) ~[spring-beans-5.3.16.jar:5.3.16]
	at org.springframework.beans.factory.support.ConstructorResolver.instantiateUsingFactoryMethod(ConstructorResolver.java:486) ~[spring-beans-5.3.16.jar:5.3.16]
	at org.springframework.beans.factory.support.AbstractAutowireCapableBeanFactory.instantiateUsingFactoryMethod(AbstractAutowireCapableBeanFactory.java:1352) ~[spring-beans-5.3.16.jar:5.3.16]
	at org.springframework.beans.factory.support.AbstractAutowireCapableBeanFactory.createBeanInstance(AbstractAutowireCapableBeanFactory.java:1195) ~[spring-beans-5.3.16.jar:5.3.16]
	at org.springframework.beans.factory.support.AbstractAutowireCapableBeanFactory.doCreateBean(AbstractAutowireCapableBeanFactory.java:582) ~[spring-beans-5.3.16.jar:5.3.16]
	at org.springframework.beans.factory.support.AbstractAutowireCapableBeanFactory.createBean(AbstractAutowireCapableBeanFactory.java:542) ~[spring-beans-5.3.16.jar:5.3.16]
	at org.springframework.beans.factory.support.AbstractBeanFactory.lambda$doGetBean$0(AbstractBeanFactory.java:335) ~[spring-beans-5.3.16.jar:5.3.16]
	at org.springframework.beans.factory.support.DefaultSingletonBeanRegistry.getSingleton(DefaultSingletonBeanRegistry.java:234) ~[spring-beans-5.3.16.jar:5.3.16]
	at org.springframework.beans.factory.support.AbstractBeanFactory.doGetBean(AbstractBeanFactory.java:333) ~[spring-beans-5.3.16.jar:5.3.16]
	at org.springframework.beans.factory.support.AbstractBeanFactory.getBean(AbstractBeanFactory.java:208) ~[spring-beans-5.3.16.jar:5.3.16]
	at org.springframework.beans.factory.support.AbstractBeanFactory.doGetBean(AbstractBeanFactory.java:322) ~[spring-beans-5.3.16.jar:5.3.16]
	at org.springframework.beans.factory.support.AbstractBeanFactory.getBean(AbstractBeanFactory.java:208) ~[spring-beans-5.3.16.jar:5.3.16]
	at org.springframework.beans.factory.support.DefaultListableBeanFactory.preInstantiateSingletons(DefaultListableBeanFactory.java:953) ~[spring-beans-5.3.16.jar:5.3.16]
	at org.springframework.context.support.AbstractApplicationContext.finishBeanFactoryInitialization(AbstractApplicationContext.java:918) ~[spring-context-5.3.16.jar:5.3.16]
	at org.springframework.context.support.AbstractApplicationContext.refresh(AbstractApplicationContext.java:583) ~[spring-context-5.3.16.jar:5.3.16]
	at org.springframework.boot.web.servlet.context.ServletWebServerApplicationContext.refresh(ServletWebServerApplicationContext.java:145) ~[spring-boot-2.6.4.jar:2.6.4]
	at org.springframework.boot.SpringApplication.refresh(SpringApplication.java:740) ~[spring-boot-2.6.4.jar:2.6.4]
	at org.springframework.boot.SpringApplication.refreshContext(SpringApplication.java:415) ~[spring-boot-2.6.4.jar:2.6.4]
	at org.springframework.boot.SpringApplication.run(SpringApplication.java:303) ~[spring-boot-2.6.4.jar:2.6.4]
	at org.springframework.boot.SpringApplication.run(SpringApplication.java:1312) ~[spring-boot-2.6.4.jar:2.6.4]
	at org.springframework.boot.SpringApplication.run(SpringApplication.java:1301) ~[spring-boot-2.6.4.jar:2.6.4]
	at com.albert.godworld.arm.resource.ResourceArm.main(ResourceArm.java:12) ~[classes/:na]
Caused by: org.springframework.beans.BeanInstantiationException: Failed to instantiate [javax.servlet.Filter]: Factory method 'springSecurityFilterChain' threw exception; nested exception is java.lang.NoClassDefFoundError: javax/xml/bind/JAXBException
	at org.springframework.beans.factory.support.SimpleInstantiationStrategy.instantiate(SimpleInstantiationStrategy.java:185) ~[spring-beans-5.3.16.jar:5.3.16]
	at org.springframework.beans.factory.support.ConstructorResolver.instantiate(ConstructorResolver.java:653) ~[spring-beans-5.3.16.jar:5.3.16]
	... 21 common frames omitted
Caused by: java.lang.NoClassDefFoundError: javax/xml/bind/JAXBException
	at org.springframework.security.oauth2.provider.error.DefaultOAuth2ExceptionRenderer.geDefaultMessageConverters(DefaultOAuth2ExceptionRenderer.java:117) ~[spring-security-oauth2-2.3.5.RELEASE.jar:na]
	at org.springframework.security.oauth2.provider.error.DefaultOAuth2ExceptionRenderer.<init>(DefaultOAuth2ExceptionRenderer.java:53) ~[spring-security-oauth2-2.3.5.RELEASE.jar:na]
	at org.springframework.security.oauth2.provider.error.AbstractOAuth2SecurityExceptionHandler.<init>(AbstractOAuth2SecurityExceptionHandler.java:42) ~[spring-security-oauth2-2.3.5.RELEASE.jar:na]
	at org.springframework.security.oauth2.provider.error.OAuth2AuthenticationEntryPoint.<init>(OAuth2AuthenticationEntryPoint.java:36) ~[spring-security-oauth2-2.3.5.RELEASE.jar:na]
	at org.springframework.security.oauth2.config.annotation.web.configurers.ResourceServerSecurityConfigurer.<init>(ResourceServerSecurityConfigurer.java:62) ~[spring-security-oauth2-2.3.5.RELEASE.jar:na]
	at org.springframework.security.oauth2.config.annotation.web.configuration.ResourceServerConfiguration.configure(ResourceServerConfiguration.java:118) ~[spring-security-oauth2-2.3.5.RELEASE.jar:na]
	at org.springframework.security.config.annotation.web.configuration.WebSecurityConfigurerAdapter.getHttp(WebSecurityConfigurerAdapter.java:217) ~[spring-security-config-5.6.2.jar:5.6.2]
	at org.springframework.security.config.annotation.web.configuration.WebSecurityConfigurerAdapter.init(WebSecurityConfigurerAdapter.java:315) ~[spring-security-config-5.6.2.jar:5.6.2]
	at org.springframework.security.config.annotation.web.configuration.WebSecurityConfigurerAdapter.init(WebSecurityConfigurerAdapter.java:93) ~[spring-security-config-5.6.2.jar:5.6.2]
	at org.springframework.security.oauth2.config.annotation.web.configuration.ResourceServerConfiguration$$EnhancerBySpringCGLIB$$367076ce.init(<generated>) ~[spring-security-oauth2-2.3.5.RELEASE.jar:na]
	at org.springframework.security.config.annotation.AbstractConfiguredSecurityBuilder.init(AbstractConfiguredSecurityBuilder.java:338) ~[spring-security-config-5.6.2.jar:5.6.2]
	at org.springframework.security.config.annotation.AbstractConfiguredSecurityBuilder.doBuild(AbstractConfiguredSecurityBuilder.java:300) ~[spring-security-config-5.6.2.jar:5.6.2]
	at org.springframework.security.config.annotation.AbstractSecurityBuilder.build(AbstractSecurityBuilder.java:38) ~[spring-security-config-5.6.2.jar:5.6.2]
	at org.springframework.security.config.annotation.web.configuration.WebSecurityConfiguration.springSecurityFilterChain(WebSecurityConfiguration.java:127) ~[spring-security-config-5.6.2.jar:5.6.2]
	at java.base/jdk.internal.reflect.DirectMethodHandleAccessor.invoke(DirectMethodHandleAccessor.java:104) ~[na:na]
	at java.base/java.lang.reflect.Method.invoke(Method.java:577) ~[na:na]
	at org.springframework.beans.factory.support.SimpleInstantiationStrategy.instantiate(SimpleInstantiationStrategy.java:154) ~[spring-beans-5.3.16.jar:5.3.16]
	... 22 common frames omitted
Caused by: java.lang.ClassNotFoundException: javax.xml.bind.JAXBException
	at java.base/jdk.internal.loader.BuiltinClassLoader.loadClass(BuiltinClassLoader.java:641) ~[na:na]
	at java.base/jdk.internal.loader.ClassLoaders$AppClassLoader.loadClass(ClassLoaders.java:188) ~[na:na]
	at java.base/java.lang.ClassLoader.loadClass(ClassLoader.java:521) ~[na:na]
	... 39 common frames omitted

